0 info it worked if it ends with ok
1 verbose cli [ '/usr/local/bin/node',
1 verbose cli   '/usr/local/bin/npm',
1 verbose cli   'run-script',
1 verbose cli   'build' ]
2 info using npm@1.4.28
3 info using node@v0.10.40
4 verbose run-script [ 'prebuild', 'build', 'postbuild' ]
5 info prebuild schedulemaker@3.0.24
6 info build schedulemaker@3.0.24
7 verbose unsafe-perm in lifecycle true
8 info schedulemaker@3.0.24 Failed to exec build script
9 error schedulemaker@3.0.24 build: `gulp build`
9 error Exit status 126
10 error Failed at the schedulemaker@3.0.24 build script.
10 error This is most likely a problem with the schedulemaker package,
10 error not with npm itself.
10 error Tell the author that this fails on your system:
10 error     gulp build
10 error You can get their info via:
10 error     npm owner ls schedulemaker
10 error There is likely additional logging output above.
11 error System Linux 3.10.0-327.4.5.el7.x86_64
12 error command "/usr/local/bin/node" "/usr/local/bin/npm" "run-script" "build"
13 error cwd /var/www/html/schedulemaker
14 error node -v v0.10.40
15 error npm -v 1.4.28
16 error code ELIFECYCLE
17 verbose exit [ 1, true ]
